Using pre-set license
Built from '2021.1/staging' branch; Version is '2021.1.3f1 (4bef613afd59) revision 4976481'; Using compiler version '192528614'; Build Type 'Release'
OS: 'Windows 10 Home; OS build 18363.1440; Version 1909; 64bit' Language: 'en' Physical Memory: 32683 MB
BatchMode: 1, IsHumanControllingUs: 0, StartBugReporterOnCrash: 0, Is64bit: 1, IsPro: 0

 COMMAND LINE ARGUMENTS:
E:\Unity\2021.1.3f1\Editor\Unity.exe
-adb2
-batchMode
-noUpm
-name
AssetImportWorker0
-projectPath
E:/Coding/Unity/Beat Blaster
-logFile
Logs/AssetImportWorker0.log
-srvPort
8313
Successfully changed project path to: E:/Coding/Unity/Beat Blaster
E:/Coding/Unity/Beat Blaster
Using Asset Import Pipeline V2.
Refreshing native plugins compatible for Editor in 102.64 ms, found 2 plugins.
Preloading 0 native plugins for Editor in 0.00 ms.
Initialize engine version: 2021.1.3f1 (4bef613afd59)
[Subsystems] Discovering subsystems at path E:/Unity/2021.1.3f1/Editor/Data/Resources/UnitySubsystems
[Subsystems] Discovering subsystems at path E:/Coding/Unity/Beat Blaster/Assets
GfxDevice: creating device client; threaded=0; jobified=0
Direct3D:
    Version:  Direct3D 11.0 [level 11.1]
    Renderer: NVIDIA GeForce RTX 2080 SUPER (ID=0x1e81)
    Vendor:   NVIDIA
    VRAM:     8010 MB
    Driver:   27.21.14.6611
Initialize mono
Mono path[0] = 'E:/Unity/2021.1.3f1/Editor/Data/Managed'
Mono path[1] = 'E:/Unity/2021.1.3f1/Editor/Data/MonoBleedingEdge/lib/mono/unityjit'
Mono config path = 'E:/Unity/2021.1.3f1/Editor/Data/MonoBleedingEdge/etc'
Using monoOptions --debugger-agent=transport=dt_socket,embedding=1,server=y,suspend=n,address=127.0.0.1:56308
Begin MonoManager ReloadAssembly
Registering precompiled unity dll's ...
Register platform support module: E:/Unity/2021.1.3f1/Editor/Data/PlaybackEngines/WebGLSupport/UnityEditor.WebGL.Extensions.dll
Register platform support module: E:/Unity/2021.1.3f1/Editor/Data/PlaybackEngines/WindowsStandaloneSupport/UnityEditor.WindowsStandalone.Extensions.dll
Registered in 0.001638 seconds.
Native extension for WindowsStandalone target not found
Native extension for WebGL target not found
Refreshing native plugins compatible for Editor in 137.31 ms, found 2 plugins.
Preloading 0 native plugins for Editor in 0.00 ms.
Mono: successfully reloaded assembly
- Completed reload, in  1.374 seconds
Platform modules already initialized, skipping
Registering precompiled user dll's ...
Registered in 0.003137 seconds.
Begin MonoManager ReloadAssembly
Native extension for WindowsStandalone target not found
Native extension for WebGL target not found
Refreshing native plugins compatible for Editor in 114.61 ms, found 2 plugins.
Preloading 0 native plugins for Editor in 0.00 ms.
Mono: successfully reloaded assembly
- Completed reload, in  1.719 seconds
Platform modules already initialized, skipping
========================================================================
Worker process is ready to serve import requests
Launched and connected shader compiler UnityShaderCompiler.exe after 0.05 seconds
Refreshing native plugins compatible for Editor in 0.81 ms, found 2 plugins.
Preloading 0 native plugins for Editor in 0.00 ms.
Unloading 3386 Unused Serialized files (Serialized files now loaded: 0)
System memory in use before: 128.8 MB.
System memory in use after: 128.9 MB.

Unloading 29 unused Assets to reduce memory usage. Loaded Objects now: 3841.
Total: 6.557200 ms (FindLiveObjects: 0.440100 ms CreateObjectMapping: 0.374900 ms MarkObjects: 5.603600 ms  DeleteObjects: 0.135900 ms)

========================================================================
Received Import Request.
  path: Assets/Scripts/Player.cs
  artifactKey: Guid(46565eb7d3f0a674f8dedcb4b3db472a) Importer(815301076,1909f56bfc062723c751e8b465ee728b)
Start importing Assets/Scripts/Player.cs using Guid(46565eb7d3f0a674f8dedcb4b3db472a) Importer(815301076,1909f56bfc062723c751e8b465ee728b)  -> (artifact id: '1909fec67c5a30b95c5b366808521411') in 0.044449 seconds 
========================================================================
Received Prepare
Registering precompiled user dll's ...
Registered in 0.002079 seconds.
Begin MonoManager ReloadAssembly
Native extension for WindowsStandalone target not found
Native extension for WebGL target not found
Refreshing native plugins compatible for Editor in 0.70 ms, found 2 plugins.
Preloading 0 native plugins for Editor in 0.00 ms.
Mono: successfully reloaded assembly
- Completed reload, in  0.994 seconds
Platform modules already initialized, skipping
Refreshing native plugins compatible for Editor in 0.61 ms, found 2 plugins.
Preloading 0 native plugins for Editor in 0.00 ms.
Unloading 3381 Unused Serialized files (Serialized files now loaded: 0)
System memory in use before: 128.8 MB.
System memory in use after: 128.9 MB.

Unloading 17 unused Assets to reduce memory usage. Loaded Objects now: 3845.
Total: 3.269400 ms (FindLiveObjects: 0.411900 ms CreateObjectMapping: 0.283600 ms MarkObjects: 2.429100 ms  DeleteObjects: 0.143200 ms)

========================================================================
Received Import Request.
  Time since last request: 59.411006 seconds.
  path: Assets/Scripts/Player.cs
  artifactKey: Guid(46565eb7d3f0a674f8dedcb4b3db472a) Importer(815301076,1909f56bfc062723c751e8b465ee728b)
Start importing Assets/Scripts/Player.cs using Guid(46565eb7d3f0a674f8dedcb4b3db472a) Importer(815301076,1909f56bfc062723c751e8b465ee728b)  -> (artifact id: '19034d0e36c3bae61824a25f75f45dfb') in 0.005155 seconds 
========================================================================
Received Prepare
Registering precompiled user dll's ...
Registered in 0.002985 seconds.
Begin MonoManager ReloadAssembly
Native extension for WindowsStandalone target not found
Native extension for WebGL target not found
Refreshing native plugins compatible for Editor in 0.69 ms, found 2 plugins.
Preloading 0 native plugins for Editor in 0.00 ms.
Mono: successfully reloaded assembly
- Completed reload, in  1.005 seconds
Platform modules already initialized, skipping
Refreshing native plugins compatible for Editor in 0.81 ms, found 2 plugins.
Preloading 0 native plugins for Editor in 0.00 ms.
Unloading 3381 Unused Serialized files (Serialized files now loaded: 0)
System memory in use before: 128.8 MB.
System memory in use after: 128.9 MB.

Unloading 17 unused Assets to reduce memory usage. Loaded Objects now: 3849.
Total: 3.721500 ms (FindLiveObjects: 0.331300 ms CreateObjectMapping: 0.241600 ms MarkObjects: 3.028200 ms  DeleteObjects: 0.118800 ms)

========================================================================
Received Import Request.
  Time since last request: 96.162368 seconds.
  path: Assets/Scripts/Player.cs
  artifactKey: Guid(46565eb7d3f0a674f8dedcb4b3db472a) Importer(815301076,1909f56bfc062723c751e8b465ee728b)
Start importing Assets/Scripts/Player.cs using Guid(46565eb7d3f0a674f8dedcb4b3db472a) Importer(815301076,1909f56bfc062723c751e8b465ee728b)  -> (artifact id: '20430cfeb0ac8275f630c904c171ddd0') in 0.004750 seconds 
========================================================================
Received Prepare
Registering precompiled user dll's ...
Registered in 0.003241 seconds.
Begin MonoManager ReloadAssembly
Native extension for WindowsStandalone target not found
Native extension for WebGL target not found
Refreshing native plugins compatible for Editor in 0.75 ms, found 2 plugins.
Preloading 0 native plugins for Editor in 0.00 ms.
Mono: successfully reloaded assembly
- Completed reload, in  1.108 seconds
Platform modules already initialized, skipping
Refreshing native plugins compatible for Editor in 0.58 ms, found 2 plugins.
Preloading 0 native plugins for Editor in 0.00 ms.
Unloading 3381 Unused Serialized files (Serialized files now loaded: 0)
System memory in use before: 128.9 MB.
System memory in use after: 129.0 MB.

Unloading 17 unused Assets to reduce memory usage. Loaded Objects now: 3853.
Total: 2.182500 ms (FindLiveObjects: 0.211800 ms CreateObjectMapping: 0.198900 ms MarkObjects: 1.687800 ms  DeleteObjects: 0.082800 ms)

========================================================================
Received Prepare
Registering precompiled user dll's ...
Registered in 0.002129 seconds.
Begin MonoManager ReloadAssembly
Native extension for WindowsStandalone target not found
Native extension for WebGL target not found
Refreshing native plugins compatible for Editor in 0.57 ms, found 2 plugins.
Preloading 0 native plugins for Editor in 0.00 ms.
Mono: successfully reloaded assembly
- Completed reload, in  1.045 seconds
Platform modules already initialized, skipping
Refreshing native plugins compatible for Editor in 0.77 ms, found 2 plugins.
Preloading 0 native plugins for Editor in 0.00 ms.
Unloading 3381 Unused Serialized files (Serialized files now loaded: 0)
System memory in use before: 128.9 MB.
System memory in use after: 129.0 MB.

Unloading 17 unused Assets to reduce memory usage. Loaded Objects now: 3857.
Total: 2.784000 ms (FindLiveObjects: 0.452300 ms CreateObjectMapping: 0.238000 ms MarkObjects: 1.980500 ms  DeleteObjects: 0.111600 ms)

========================================================================
Received Import Request.
  Time since last request: 128.372677 seconds.
  path: Assets/Scripts/Player.cs
  artifactKey: Guid(46565eb7d3f0a674f8dedcb4b3db472a) Importer(815301076,1909f56bfc062723c751e8b465ee728b)
Start importing Assets/Scripts/Player.cs using Guid(46565eb7d3f0a674f8dedcb4b3db472a) Importer(815301076,1909f56bfc062723c751e8b465ee728b)  -> (artifact id: 'a46c1f4854baebb4a60386306caac935') in 0.004683 seconds 
========================================================================
Received Prepare
Registering precompiled user dll's ...
Registered in 0.002745 seconds.
Begin MonoManager ReloadAssembly
Native extension for WindowsStandalone target not found
Native extension for WebGL target not found
Refreshing native plugins compatible for Editor in 0.87 ms, found 2 plugins.
Preloading 0 native plugins for Editor in 0.00 ms.
Mono: successfully reloaded assembly
- Completed reload, in  0.981 seconds
Platform modules already initialized, skipping
Refreshing native plugins compatible for Editor in 0.55 ms, found 2 plugins.
Preloading 0 native plugins for Editor in 0.00 ms.
Unloading 3381 Unused Serialized files (Serialized files now loaded: 0)
System memory in use before: 128.9 MB.
System memory in use after: 129.0 MB.

Unloading 17 unused Assets to reduce memory usage. Loaded Objects now: 3861.
Total: 2.193700 ms (FindLiveObjects: 0.267400 ms CreateObjectMapping: 0.185200 ms MarkObjects: 1.649500 ms  DeleteObjects: 0.090600 ms)

========================================================================
Received Import Request.
  Time since last request: 127.405034 seconds.
  path: Assets/Scripts/Player.cs
  artifactKey: Guid(46565eb7d3f0a674f8dedcb4b3db472a) Importer(815301076,1909f56bfc062723c751e8b465ee728b)
Start importing Assets/Scripts/Player.cs using Guid(46565eb7d3f0a674f8dedcb4b3db472a) Importer(815301076,1909f56bfc062723c751e8b465ee728b)  -> (artifact id: '01eeabf7824c9cbe75d6e6fa21bbd1fe') in 0.004451 seconds 
========================================================================
Received Prepare
Registering precompiled user dll's ...
Registered in 0.002191 seconds.
Begin MonoManager ReloadAssembly
Native extension for WindowsStandalone target not found
Native extension for WebGL target not found
Refreshing native plugins compatible for Editor in 0.55 ms, found 2 plugins.
Preloading 0 native plugins for Editor in 0.00 ms.
Mono: successfully reloaded assembly
- Completed reload, in  1.046 seconds
Platform modules already initialized, skipping
Refreshing native plugins compatible for Editor in 0.72 ms, found 2 plugins.
Preloading 0 native plugins for Editor in 0.00 ms.
Unloading 3381 Unused Serialized files (Serialized files now loaded: 0)
System memory in use before: 128.9 MB.
System memory in use after: 129.0 MB.

Unloading 17 unused Assets to reduce memory usage. Loaded Objects now: 3865.
Total: 4.022200 ms (FindLiveObjects: 0.447800 ms CreateObjectMapping: 0.745400 ms MarkObjects: 2.705100 ms  DeleteObjects: 0.122200 ms)

========================================================================
Received Prepare
Registering precompiled user dll's ...
Registered in 0.002853 seconds.
Begin MonoManager ReloadAssembly
Native extension for WindowsStandalone target not found
Native extension for WebGL target not found
Refreshing native plugins compatible for Editor in 0.83 ms, found 2 plugins.
Preloading 0 native plugins for Editor in 0.00 ms.
Mono: successfully reloaded assembly
- Completed reload, in  0.978 seconds
Platform modules already initialized, skipping
Refreshing native plugins compatible for Editor in 0.96 ms, found 2 plugins.
Preloading 0 native plugins for Editor in 0.00 ms.
Unloading 3381 Unused Serialized files (Serialized files now loaded: 0)
System memory in use before: 128.9 MB.
System memory in use after: 129.0 MB.

Unloading 17 unused Assets to reduce memory usage. Loaded Objects now: 3869.
Total: 3.758600 ms (FindLiveObjects: 0.355100 ms CreateObjectMapping: 0.216700 ms MarkObjects: 3.064200 ms  DeleteObjects: 0.120500 ms)

========================================================================
Received Import Request.
  Time since last request: 298.393784 seconds.
  path: Assets/Scripts/Player.cs
  artifactKey: Guid(46565eb7d3f0a674f8dedcb4b3db472a) Importer(815301076,1909f56bfc062723c751e8b465ee728b)
Start importing Assets/Scripts/Player.cs using Guid(46565eb7d3f0a674f8dedcb4b3db472a) Importer(815301076,1909f56bfc062723c751e8b465ee728b)  -> (artifact id: 'b8ac16a0ad9d096a86913fd73ca11d79') in 0.005451 seconds 
========================================================================
Received Prepare
Registering precompiled user dll's ...
Registered in 0.002376 seconds.
Begin MonoManager ReloadAssembly
Native extension for WindowsStandalone target not found
Native extension for WebGL target not found
Refreshing native plugins compatible for Editor in 0.97 ms, found 2 plugins.
Preloading 0 native plugins for Editor in 0.00 ms.
Mono: successfully reloaded assembly
- Completed reload, in  1.066 seconds
Platform modules already initialized, skipping
Refreshing native plugins compatible for Editor in 0.54 ms, found 2 plugins.
Preloading 0 native plugins for Editor in 0.00 ms.
Unloading 3381 Unused Serialized files (Serialized files now loaded: 0)
System memory in use before: 129.0 MB.
System memory in use after: 129.0 MB.

Unloading 17 unused Assets to reduce memory usage. Loaded Objects now: 3873.
Total: 3.044800 ms (FindLiveObjects: 0.284200 ms CreateObjectMapping: 0.189100 ms MarkObjects: 2.440200 ms  DeleteObjects: 0.129700 ms)

========================================================================
Received Import Request.
  Time since last request: 20.113265 seconds.
  path: Assets/Scripts/Player.cs
  artifactKey: Guid(46565eb7d3f0a674f8dedcb4b3db472a) Importer(815301076,1909f56bfc062723c751e8b465ee728b)
Start importing Assets/Scripts/Player.cs using Guid(46565eb7d3f0a674f8dedcb4b3db472a) Importer(815301076,1909f56bfc062723c751e8b465ee728b)  -> (artifact id: '4a94ff23ce69ecc239bc32dd26b88600') in 0.004467 seconds 
========================================================================
Received Prepare
Registering precompiled user dll's ...
Registered in 0.002245 seconds.
Begin MonoManager ReloadAssembly
Native extension for WindowsStandalone target not found
Native extension for WebGL target not found
Refreshing native plugins compatible for Editor in 0.57 ms, found 2 plugins.
Preloading 0 native plugins for Editor in 0.00 ms.
Mono: successfully reloaded assembly
- Completed reload, in  1.008 seconds
Platform modules already initialized, skipping
Refreshing native plugins compatible for Editor in 0.98 ms, found 2 plugins.
Preloading 0 native plugins for Editor in 0.00 ms.
Unloading 3381 Unused Serialized files (Serialized files now loaded: 0)
System memory in use before: 129.0 MB.
System memory in use after: 129.1 MB.

Unloading 17 unused Assets to reduce memory usage. Loaded Objects now: 3877.
Total: 3.875900 ms (FindLiveObjects: 0.389700 ms CreateObjectMapping: 0.250700 ms MarkObjects: 3.033300 ms  DeleteObjects: 0.182200 ms)

========================================================================
Received Import Request.
  Time since last request: 32.462191 seconds.
  path: Assets/Scripts/Player.cs
  artifactKey: Guid(46565eb7d3f0a674f8dedcb4b3db472a) Importer(815301076,1909f56bfc062723c751e8b465ee728b)
Start importing Assets/Scripts/Player.cs using Guid(46565eb7d3f0a674f8dedcb4b3db472a) Importer(815301076,1909f56bfc062723c751e8b465ee728b)  -> (artifact id: '9ecb3e2acf2b3786bd067ee6c20c41ee') in 0.005050 seconds 
========================================================================
Received Prepare
Registering precompiled user dll's ...
Registered in 0.003051 seconds.
Begin MonoManager ReloadAssembly
Native extension for WindowsStandalone target not found
Native extension for WebGL target not found
Refreshing native plugins compatible for Editor in 0.70 ms, found 2 plugins.
Preloading 0 native plugins for Editor in 0.00 ms.
Mono: successfully reloaded assembly
- Completed reload, in  1.149 seconds
Platform modules already initialized, skipping
Refreshing native plugins compatible for Editor in 0.93 ms, found 2 plugins.
Preloading 0 native plugins for Editor in 0.00 ms.
Unloading 3381 Unused Serialized files (Serialized files now loaded: 0)
System memory in use before: 129.0 MB.
System memory in use after: 129.1 MB.

Unloading 17 unused Assets to reduce memory usage. Loaded Objects now: 3881.
Total: 3.980900 ms (FindLiveObjects: 0.380900 ms CreateObjectMapping: 0.190300 ms MarkObjects: 3.275700 ms  DeleteObjects: 0.132400 ms)

========================================================================
Received Prepare
Registering precompiled user dll's ...
Registered in 0.002155 seconds.
Begin MonoManager ReloadAssembly
Native extension for WindowsStandalone target not found
Native extension for WebGL target not found
Refreshing native plugins compatible for Editor in 0.83 ms, found 2 plugins.
Preloading 0 native plugins for Editor in 0.00 ms.
Mono: successfully reloaded assembly
- Completed reload, in  1.013 seconds
Platform modules already initialized, skipping
Refreshing native plugins compatible for Editor in 0.69 ms, found 2 plugins.
Preloading 0 native plugins for Editor in 0.00 ms.
Unloading 3381 Unused Serialized files (Serialized files now loaded: 0)
System memory in use before: 129.0 MB.
System memory in use after: 129.1 MB.

Unloading 17 unused Assets to reduce memory usage. Loaded Objects now: 3885.
Total: 3.003600 ms (FindLiveObjects: 0.278200 ms CreateObjectMapping: 0.178900 ms MarkObjects: 2.427700 ms  DeleteObjects: 0.117500 ms)

========================================================================
Received Prepare
Registering precompiled user dll's ...
Registered in 0.001959 seconds.
Begin MonoManager ReloadAssembly
Native extension for WindowsStandalone target not found
Native extension for WebGL target not found
Refreshing native plugins compatible for Editor in 0.55 ms, found 2 plugins.
Preloading 0 native plugins for Editor in 0.00 ms.
Mono: successfully reloaded assembly
- Completed reload, in  0.940 seconds
Platform modules already initialized, skipping
Refreshing native plugins compatible for Editor in 0.64 ms, found 2 plugins.
Preloading 0 native plugins for Editor in 0.00 ms.
Unloading 3381 Unused Serialized files (Serialized files now loaded: 0)
System memory in use before: 129.0 MB.
System memory in use after: 129.1 MB.

Unloading 17 unused Assets to reduce memory usage. Loaded Objects now: 3889.
Total: 2.836400 ms (FindLiveObjects: 0.260000 ms CreateObjectMapping: 0.193000 ms MarkObjects: 2.290600 ms  DeleteObjects: 0.090900 ms)

========================================================================
Received Prepare
Registering precompiled user dll's ...
Registered in 0.002033 seconds.
Begin MonoManager ReloadAssembly
Native extension for WindowsStandalone target not found
Native extension for WebGL target not found
Refreshing native plugins compatible for Editor in 0.52 ms, found 2 plugins.
Preloading 0 native plugins for Editor in 0.00 ms.
Mono: successfully reloaded assembly
- Completed reload, in  0.960 seconds
Platform modules already initialized, skipping
Refreshing native plugins compatible for Editor in 0.54 ms, found 2 plugins.
Preloading 0 native plugins for Editor in 0.00 ms.
Unloading 3381 Unused Serialized files (Serialized files now loaded: 0)
System memory in use before: 129.0 MB.
System memory in use after: 129.1 MB.

Unloading 17 unused Assets to reduce memory usage. Loaded Objects now: 3893.
Total: 2.378000 ms (FindLiveObjects: 0.383200 ms CreateObjectMapping: 0.202200 ms MarkObjects: 1.703300 ms  DeleteObjects: 0.088300 ms)

========================================================================
Received Prepare
Registering precompiled user dll's ...
Registered in 0.001949 seconds.
Begin MonoManager ReloadAssembly
Native extension for WindowsStandalone target not found
Native extension for WebGL target not found
Refreshing native plugins compatible for Editor in 0.50 ms, found 2 plugins.
Preloading 0 native plugins for Editor in 0.00 ms.
Mono: successfully reloaded assembly
- Completed reload, in  0.812 seconds
Platform modules already initialized, skipping
Refreshing native plugins compatible for Editor in 0.94 ms, found 2 plugins.
Preloading 0 native plugins for Editor in 0.00 ms.
Unloading 3381 Unused Serialized files (Serialized files now loaded: 0)
System memory in use before: 129.0 MB.
System memory in use after: 129.1 MB.

Unloading 17 unused Assets to reduce memory usage. Loaded Objects now: 3897.
Total: 2.137600 ms (FindLiveObjects: 0.248900 ms CreateObjectMapping: 0.192800 ms MarkObjects: 1.609000 ms  DeleteObjects: 0.086000 ms)

========================================================================
Received Prepare
Registering precompiled user dll's ...
Registered in 0.001961 seconds.
Begin MonoManager ReloadAssembly
Native extension for WindowsStandalone target not found
Native extension for WebGL target not found
Refreshing native plugins compatible for Editor in 0.53 ms, found 2 plugins.
Preloading 0 native plugins for Editor in 0.00 ms.
Mono: successfully reloaded assembly
- Completed reload, in  0.794 seconds
Platform modules already initialized, skipping
Refreshing native plugins compatible for Editor in 0.60 ms, found 2 plugins.
Preloading 0 native plugins for Editor in 0.00 ms.
Unloading 3381 Unused Serialized files (Serialized files now loaded: 0)
System memory in use before: 129.0 MB.
System memory in use after: 129.1 MB.

Unloading 17 unused Assets to reduce memory usage. Loaded Objects now: 3901.
Total: 2.128200 ms (FindLiveObjects: 0.230200 ms CreateObjectMapping: 0.155400 ms MarkObjects: 1.664600 ms  DeleteObjects: 0.077200 ms)

========================================================================
Received Prepare
Registering precompiled user dll's ...
Registered in 0.001914 seconds.
Begin MonoManager ReloadAssembly
Native extension for WindowsStandalone target not found
Native extension for WebGL target not found
Refreshing native plugins compatible for Editor in 0.51 ms, found 2 plugins.
Preloading 0 native plugins for Editor in 0.00 ms.
Mono: successfully reloaded assembly
- Completed reload, in  0.784 seconds
Platform modules already initialized, skipping
Refreshing native plugins compatible for Editor in 0.82 ms, found 2 plugins.
Preloading 0 native plugins for Editor in 0.00 ms.
Unloading 3381 Unused Serialized files (Serialized files now loaded: 0)
System memory in use before: 129.0 MB.
System memory in use after: 129.1 MB.

Unloading 17 unused Assets to reduce memory usage. Loaded Objects now: 3905.
Total: 2.177000 ms (FindLiveObjects: 0.235700 ms CreateObjectMapping: 0.125800 ms MarkObjects: 1.739500 ms  DeleteObjects: 0.075100 ms)

========================================================================
Received Import Request.
  Time since last request: 466.748312 seconds.
  path: Assets/Prefabs/Enemy.prefab
  artifactKey: Guid(4b5affd184be5a94190835f780ee1f8e) Importer(815301076,1909f56bfc062723c751e8b465ee728b)
Start importing Assets/Prefabs/Enemy.prefab using Guid(4b5affd184be5a94190835f780ee1f8e) Importer(815301076,1909f56bfc062723c751e8b465ee728b)  -> (artifact id: 'd48b8c81bb41c1fa64d00829eed4fa7d') in 0.078299 seconds 
========================================================================
Received Prepare
Registering precompiled user dll's ...
Registered in 0.001940 seconds.
Begin MonoManager ReloadAssembly
Native extension for WindowsStandalone target not found
Native extension for WebGL target not found
Refreshing native plugins compatible for Editor in 0.50 ms, found 2 plugins.
Preloading 0 native plugins for Editor in 0.00 ms.
Mono: successfully reloaded assembly
- Completed reload, in  0.828 seconds
Platform modules already initialized, skipping
Refreshing native plugins compatible for Editor in 0.53 ms, found 2 plugins.
Preloading 0 native plugins for Editor in 0.00 ms.
Unloading 3381 Unused Serialized files (Serialized files now loaded: 0)
System memory in use before: 132.6 MB.
System memory in use after: 132.7 MB.

Unloading 17 unused Assets to reduce memory usage. Loaded Objects now: 3916.
Total: 2.178400 ms (FindLiveObjects: 0.356100 ms CreateObjectMapping: 0.183500 ms MarkObjects: 1.558700 ms  DeleteObjects: 0.079000 ms)

========================================================================
Received Import Request.
  Time since last request: 16.942767 seconds.
  path: ProjectSettings/TagManager.asset
  artifactKey: Guid(00000000000000003000000000000000) Importer(815301076,1909f56bfc062723c751e8b465ee728b)
Start importing ProjectSettings/TagManager.asset using Guid(00000000000000003000000000000000) Importer(815301076,1909f56bfc062723c751e8b465ee728b)  -> (artifact id: 'ed27b4af743cf9eb0655af93b21bc825') in 0.013521 seconds 
========================================================================
Received Import Request.
  Time since last request: 11.113114 seconds.
  path: Assets/Prefabs/Enemy.prefab
  artifactKey: Guid(4b5affd184be5a94190835f780ee1f8e) Importer(815301076,1909f56bfc062723c751e8b465ee728b)
Start importing Assets/Prefabs/Enemy.prefab using Guid(4b5affd184be5a94190835f780ee1f8e) Importer(815301076,1909f56bfc062723c751e8b465ee728b)  -> (artifact id: '04b364789ca4584d33573fa596221080') in 0.039242 seconds 
========================================================================
Received Prepare
Registering precompiled user dll's ...
Registered in 0.001992 seconds.
Begin MonoManager ReloadAssembly
Native extension for WindowsStandalone target not found
Native extension for WebGL target not found
Refreshing native plugins compatible for Editor in 0.52 ms, found 2 plugins.
Preloading 0 native plugins for Editor in 0.00 ms.
Mono: successfully reloaded assembly
- Completed reload, in  0.784 seconds
Platform modules already initialized, skipping
Refreshing native plugins compatible for Editor in 0.83 ms, found 2 plugins.
Preloading 0 native plugins for Editor in 0.00 ms.
Unloading 3381 Unused Serialized files (Serialized files now loaded: 0)
System memory in use before: 132.7 MB.
System memory in use after: 132.8 MB.

Unloading 18 unused Assets to reduce memory usage. Loaded Objects now: 3921.
Total: 3.206500 ms (FindLiveObjects: 0.373700 ms CreateObjectMapping: 0.249700 ms MarkObjects: 2.494600 ms  DeleteObjects: 0.087200 ms)

========================================================================
Received Prepare
Registering precompiled user dll's ...
Registered in 0.002123 seconds.
Begin MonoManager ReloadAssembly
Native extension for WindowsStandalone target not found
Native extension for WebGL target not found
Refreshing native plugins compatible for Editor in 0.87 ms, found 2 plugins.
Preloading 0 native plugins for Editor in 0.00 ms.
Mono: successfully reloaded assembly
- Completed reload, in  0.810 seconds
Platform modules already initialized, skipping
Refreshing native plugins compatible for Editor in 0.52 ms, found 2 plugins.
Preloading 0 native plugins for Editor in 0.00 ms.
Unloading 3381 Unused Serialized files (Serialized files now loaded: 0)
System memory in use before: 132.7 MB.
System memory in use after: 132.8 MB.

Unloading 17 unused Assets to reduce memory usage. Loaded Objects now: 3925.
Total: 2.085600 ms (FindLiveObjects: 0.244500 ms CreateObjectMapping: 0.176000 ms MarkObjects: 1.582100 ms  DeleteObjects: 0.082200 ms)

========================================================================
Received Import Request.
  Time since last request: 718.943926 seconds.
  path: Assets/Prefabs/Enemy.prefab
  artifactKey: Guid(4b5affd184be5a94190835f780ee1f8e) Importer(815301076,1909f56bfc062723c751e8b465ee728b)
Start importing Assets/Prefabs/Enemy.prefab using Guid(4b5affd184be5a94190835f780ee1f8e) Importer(815301076,1909f56bfc062723c751e8b465ee728b)  -> (artifact id: 'ecaf0a77da6123bc85108e4b600868f7') in 0.045904 seconds 
========================================================================
Received Import Request.
  Time since last request: 10.377539 seconds.
  path: Assets/FX
  artifactKey: Guid(947840b065839634586480930f7d9630) Importer(815301076,1909f56bfc062723c751e8b465ee728b)
Start importing Assets/FX using Guid(947840b065839634586480930f7d9630) Importer(815301076,1909f56bfc062723c751e8b465ee728b)  -> (artifact id: 'cd0490eccf2d40ce461347354bb625d4') in 0.001062 seconds 
========================================================================
Received Import Request.
  Time since last request: 6.876090 seconds.
  path: Assets/VFX
  artifactKey: Guid(947840b065839634586480930f7d9630) Importer(815301076,1909f56bfc062723c751e8b465ee728b)
Start importing Assets/VFX using Guid(947840b065839634586480930f7d9630) Importer(815301076,1909f56bfc062723c751e8b465ee728b)  -> (artifact id: 'b0d295440890a5ca8498546af141fcc0') in 0.001064 seconds 
========================================================================
Received Import Request.
  Time since last request: 247.459208 seconds.
  path: Assets/VFX/Enemy Death Effect.prefab
  artifactKey: Guid(907f995ebaf30f24c8e3980ea9b8ae6a) Importer(815301076,1909f56bfc062723c751e8b465ee728b)
Start importing Assets/VFX/Enemy Death Effect.prefab using Guid(907f995ebaf30f24c8e3980ea9b8ae6a) Importer(815301076,1909f56bfc062723c751e8b465ee728b)  -> (artifact id: '8d6ac3002273f9e9063cd5f76afd10aa') in 0.004850 seconds 
========================================================================
Received Import Request.
  Time since last request: 81.184471 seconds.
  path: Assets/Scripts/ParticleSystemAutoDestroy.cs
  artifactKey: Guid(d59d6b558aefc984187e98101d9fff2a) Importer(815301076,1909f56bfc062723c751e8b465ee728b)
Start importing Assets/Scripts/ParticleSystemAutoDestroy.cs using Guid(d59d6b558aefc984187e98101d9fff2a) Importer(815301076,1909f56bfc062723c751e8b465ee728b)  -> (artifact id: '6a1322a0c10f73241e1a81dacfa95711') in 0.001321 seconds 
========================================================================
Received Prepare
Registering precompiled user dll's ...
Registered in 0.001973 seconds.
Begin MonoManager ReloadAssembly
Native extension for WindowsStandalone target not found
Native extension for WebGL target not found
Refreshing native plugins compatible for Editor in 0.51 ms, found 2 plugins.
Preloading 0 native plugins for Editor in 0.00 ms.
Mono: successfully reloaded assembly
- Completed reload, in  0.778 seconds
Platform modules already initialized, skipping
Refreshing native plugins compatible for Editor in 0.49 ms, found 2 plugins.
Preloading 0 native plugins for Editor in 0.00 ms.
Unloading 3382 Unused Serialized files (Serialized files now loaded: 0)
System memory in use before: 132.7 MB.
System memory in use after: 132.8 MB.

Unloading 17 unused Assets to reduce memory usage. Loaded Objects now: 3931.
Total: 2.117600 ms (FindLiveObjects: 0.241400 ms CreateObjectMapping: 0.158300 ms MarkObjects: 1.638700 ms  DeleteObjects: 0.078600 ms)

========================================================================
Received Prepare
Registering precompiled user dll's ...
Registered in 0.001913 seconds.
Begin MonoManager ReloadAssembly
Native extension for WindowsStandalone target not found
Native extension for WebGL target not found
Refreshing native plugins compatible for Editor in 0.85 ms, found 2 plugins.
Preloading 0 native plugins for Editor in 0.00 ms.
Mono: successfully reloaded assembly
- Completed reload, in  0.798 seconds
Platform modules already initialized, skipping
Refreshing native plugins compatible for Editor in 0.51 ms, found 2 plugins.
Preloading 0 native plugins for Editor in 0.00 ms.
Unloading 3382 Unused Serialized files (Serialized files now loaded: 0)
System memory in use before: 132.7 MB.
System memory in use after: 132.8 MB.

Unloading 17 unused Assets to reduce memory usage. Loaded Objects now: 3935.
Total: 2.258100 ms (FindLiveObjects: 0.242900 ms CreateObjectMapping: 0.124900 ms MarkObjects: 1.810700 ms  DeleteObjects: 0.078800 ms)

========================================================================
Received Import Request.
  Time since last request: 26.830582 seconds.
  path: Assets/Scripts/ParticleSystemAutoDestroy.cs
  artifactKey: Guid(d59d6b558aefc984187e98101d9fff2a) Importer(815301076,1909f56bfc062723c751e8b465ee728b)
Start importing Assets/Scripts/ParticleSystemAutoDestroy.cs using Guid(d59d6b558aefc984187e98101d9fff2a) Importer(815301076,1909f56bfc062723c751e8b465ee728b)  -> (artifact id: '5348bd2ab6f54f439344cd9363aaf2e7') in 0.004169 seconds 
========================================================================
Received Import Request.
  Time since last request: 10.204666 seconds.
  path: Assets/VFX/Enemy Death Effect.prefab
  artifactKey: Guid(907f995ebaf30f24c8e3980ea9b8ae6a) Importer(815301076,1909f56bfc062723c751e8b465ee728b)
Start importing Assets/VFX/Enemy Death Effect.prefab using Guid(907f995ebaf30f24c8e3980ea9b8ae6a) Importer(815301076,1909f56bfc062723c751e8b465ee728b)  -> (artifact id: 'e566b7fb13bf977f08358ff678720ef6') in 0.018426 seconds 
========================================================================
Received Prepare
Registering precompiled user dll's ...
Registered in 0.001954 seconds.
Begin MonoManager ReloadAssembly
Native extension for WindowsStandalone target not found
Native extension for WebGL target not found
Refreshing native plugins compatible for Editor in 0.52 ms, found 2 plugins.
Preloading 0 native plugins for Editor in 0.00 ms.
Mono: successfully reloaded assembly
- Completed reload, in  0.781 seconds
Platform modules already initialized, skipping
Refreshing native plugins compatible for Editor in 0.51 ms, found 2 plugins.
Preloading 0 native plugins for Editor in 0.00 ms.
Unloading 3382 Unused Serialized files (Serialized files now loaded: 0)
System memory in use before: 132.7 MB.
System memory in use after: 132.8 MB.

Unloading 17 unused Assets to reduce memory usage. Loaded Objects now: 3939.
Total: 2.100700 ms (FindLiveObjects: 0.245900 ms CreateObjectMapping: 0.152600 ms MarkObjects: 1.620300 ms  DeleteObjects: 0.080800 ms)

========================================================================
Received Import Request.
  Time since last request: 200.416761 seconds.
  path: Assets/Prefabs/Enemy.prefab
  artifactKey: Guid(4b5affd184be5a94190835f780ee1f8e) Importer(815301076,1909f56bfc062723c751e8b465ee728b)
Start importing Assets/Prefabs/Enemy.prefab using Guid(4b5affd184be5a94190835f780ee1f8e) Importer(815301076,1909f56bfc062723c751e8b465ee728b)  -> (artifact id: '736ce91e968c73cfd5a4430cedc03be9') in 0.047688 seconds 
========================================================================
Received Prepare
Registering precompiled user dll's ...
Registered in 0.002713 seconds.
Begin MonoManager ReloadAssembly
Native extension for WindowsStandalone target not found
Native extension for WebGL target not found
Refreshing native plugins compatible for Editor in 0.55 ms, found 2 plugins.
Preloading 0 native plugins for Editor in 0.00 ms.
Mono: successfully reloaded assembly
- Completed reload, in  0.872 seconds
Platform modules already initialized, skipping
Refreshing native plugins compatible for Editor in 0.60 ms, found 2 plugins.
Preloading 0 native plugins for Editor in 0.00 ms.
Unloading 3382 Unused Serialized files (Serialized files now loaded: 0)
System memory in use before: 132.7 MB.
System memory in use after: 132.8 MB.

Unloading 17 unused Assets to reduce memory usage. Loaded Objects now: 3944.
Total: 2.484800 ms (FindLiveObjects: 0.233000 ms CreateObjectMapping: 0.181300 ms MarkObjects: 1.992900 ms  DeleteObjects: 0.076900 ms)

========================================================================
Received Prepare
Registering precompiled user dll's ...
Registered in 0.001936 seconds.
Begin MonoManager ReloadAssembly
Native extension for WindowsStandalone target not found
Native extension for WebGL target not found
Refreshing native plugins compatible for Editor in 0.53 ms, found 2 plugins.
Preloading 0 native plugins for Editor in 0.00 ms.
Mono: successfully reloaded assembly
- Completed reload, in  0.799 seconds
Platform modules already initialized, skipping
Refreshing native plugins compatible for Editor in 0.57 ms, found 2 plugins.
Preloading 0 native plugins for Editor in 0.00 ms.
Unloading 3382 Unused Serialized files (Serialized files now loaded: 0)
System memory in use before: 132.7 MB.
System memory in use after: 132.8 MB.

Unloading 17 unused Assets to reduce memory usage. Loaded Objects now: 3948.
Total: 3.174600 ms (FindLiveObjects: 0.295700 ms CreateObjectMapping: 0.207500 ms MarkObjects: 2.558600 ms  DeleteObjects: 0.112100 ms)

========================================================================
Received Prepare
Registering precompiled user dll's ...
Registered in 0.002028 seconds.
Begin MonoManager ReloadAssembly
Native extension for WindowsStandalone target not found
Native extension for WebGL target not found
Refreshing native plugins compatible for Editor in 0.51 ms, found 2 plugins.
Preloading 0 native plugins for Editor in 0.00 ms.
Mono: successfully reloaded assembly
- Completed reload, in  0.782 seconds
Platform modules already initialized, skipping
Refreshing native plugins compatible for Editor in 0.50 ms, found 2 plugins.
Preloading 0 native plugins for Editor in 0.00 ms.
Unloading 3382 Unused Serialized files (Serialized files now loaded: 0)
System memory in use before: 132.8 MB.
System memory in use after: 132.9 MB.

Unloading 17 unused Assets to reduce memory usage. Loaded Objects now: 3952.
Total: 2.408200 ms (FindLiveObjects: 0.284100 ms CreateObjectMapping: 0.161800 ms MarkObjects: 1.880200 ms  DeleteObjects: 0.081200 ms)

========================================================================
Received Prepare
Registering precompiled user dll's ...
Registered in 0.001970 seconds.
Begin MonoManager ReloadAssembly
Native extension for WindowsStandalone target not found
Native extension for WebGL target not found
Refreshing native plugins compatible for Editor in 0.53 ms, found 2 plugins.
Preloading 0 native plugins for Editor in 0.00 ms.
Mono: successfully reloaded assembly
- Completed reload, in  0.759 seconds
Platform modules already initialized, skipping
Refreshing native plugins compatible for Editor in 0.51 ms, found 2 plugins.
Preloading 0 native plugins for Editor in 0.00 ms.
Unloading 3382 Unused Serialized files (Serialized files now loaded: 0)
System memory in use before: 132.8 MB.
System memory in use after: 132.9 MB.

Unloading 17 unused Assets to reduce memory usage. Loaded Objects now: 3956.
Total: 2.099000 ms (FindLiveObjects: 0.238100 ms CreateObjectMapping: 0.163400 ms MarkObjects: 1.602600 ms  DeleteObjects: 0.093900 ms)

========================================================================
Received Prepare
Registering precompiled user dll's ...
Registered in 0.002711 seconds.
Begin MonoManager ReloadAssembly
Native extension for WindowsStandalone target not found
Native extension for WebGL target not found
Refreshing native plugins compatible for Editor in 0.61 ms, found 2 plugins.
Preloading 0 native plugins for Editor in 0.00 ms.
Mono: successfully reloaded assembly
- Completed reload, in  0.798 seconds
Platform modules already initialized, skipping
Refreshing native plugins compatible for Editor in 0.63 ms, found 2 plugins.
Preloading 0 native plugins for Editor in 0.00 ms.
Unloading 3382 Unused Serialized files (Serialized files now loaded: 0)
System memory in use before: 132.8 MB.
System memory in use after: 132.9 MB.

Unloading 17 unused Assets to reduce memory usage. Loaded Objects now: 3960.
Total: 2.369300 ms (FindLiveObjects: 0.344000 ms CreateObjectMapping: 0.181200 ms MarkObjects: 1.761500 ms  DeleteObjects: 0.081700 ms)

========================================================================
Received Prepare
Registering precompiled user dll's ...
Registered in 0.001994 seconds.
Begin MonoManager ReloadAssembly
Native extension for WindowsStandalone target not found
Native extension for WebGL target not found
Refreshing native plugins compatible for Editor in 0.52 ms, found 2 plugins.
Preloading 0 native plugins for Editor in 0.00 ms.
Mono: successfully reloaded assembly
- Completed reload, in  0.761 seconds
Platform modules already initialized, skipping
Refreshing native plugins compatible for Editor in 0.54 ms, found 2 plugins.
Preloading 0 native plugins for Editor in 0.00 ms.
Unloading 3382 Unused Serialized files (Serialized files now loaded: 0)
System memory in use before: 132.8 MB.
System memory in use after: 132.9 MB.

Unloading 17 unused Assets to reduce memory usage. Loaded Objects now: 3964.
Total: 2.108300 ms (FindLiveObjects: 0.248400 ms CreateObjectMapping: 0.183300 ms MarkObjects: 1.595700 ms  DeleteObjects: 0.079900 ms)

========================================================================
Received Prepare
Registering precompiled user dll's ...
Registered in 0.001942 seconds.
Begin MonoManager ReloadAssembly
Native extension for WindowsStandalone target not found
Native extension for WebGL target not found
Refreshing native plugins compatible for Editor in 0.51 ms, found 2 plugins.
Preloading 0 native plugins for Editor in 0.00 ms.
Mono: successfully reloaded assembly
- Completed reload, in  0.775 seconds
Platform modules already initialized, skipping
Refreshing native plugins compatible for Editor in 0.52 ms, found 2 plugins.
Preloading 0 native plugins for Editor in 0.00 ms.
Unloading 3382 Unused Serialized files (Serialized files now loaded: 0)
System memory in use before: 132.8 MB.
System memory in use after: 132.9 MB.

Unloading 17 unused Assets to reduce memory usage. Loaded Objects now: 3968.
Total: 2.129300 ms (FindLiveObjects: 0.243400 ms CreateObjectMapping: 0.155000 ms MarkObjects: 1.651900 ms  DeleteObjects: 0.078000 ms)

========================================================================
Received Prepare
Registering precompiled user dll's ...
Registered in 0.002056 seconds.
Begin MonoManager ReloadAssembly
Native extension for WindowsStandalone target not found
Native extension for WebGL target not found
Refreshing native plugins compatible for Editor in 0.53 ms, found 2 plugins.
Preloading 0 native plugins for Editor in 0.00 ms.
Mono: successfully reloaded assembly
- Completed reload, in  0.759 seconds
Platform modules already initialized, skipping
Refreshing native plugins compatible for Editor in 0.50 ms, found 2 plugins.
Preloading 0 native plugins for Editor in 0.00 ms.
Unloading 3382 Unused Serialized files (Serialized files now loaded: 0)
System memory in use before: 132.8 MB.
System memory in use after: 132.9 MB.

Unloading 17 unused Assets to reduce memory usage. Loaded Objects now: 3972.
Total: 2.366200 ms (FindLiveObjects: 0.248000 ms CreateObjectMapping: 0.140400 ms MarkObjects: 1.894700 ms  DeleteObjects: 0.081800 ms)

========================================================================
Received Prepare
Registering precompiled user dll's ...
Registered in 0.001979 seconds.
Begin MonoManager ReloadAssembly
Native extension for WindowsStandalone target not found
Native extension for WebGL target not found
Refreshing native plugins compatible for Editor in 0.51 ms, found 2 plugins.
Preloading 0 native plugins for Editor in 0.00 ms.
Mono: successfully reloaded assembly
- Completed reload, in  0.786 seconds
Platform modules already initialized, skipping
Refreshing native plugins compatible for Editor in 0.50 ms, found 2 plugins.
Preloading 0 native plugins for Editor in 0.00 ms.
Unloading 3382 Unused Serialized files (Serialized files now loaded: 0)
System memory in use before: 132.8 MB.
System memory in use after: 132.9 MB.

Unloading 17 unused Assets to reduce memory usage. Loaded Objects now: 3976.
Total: 2.980200 ms (FindLiveObjects: 0.241900 ms CreateObjectMapping: 0.152700 ms MarkObjects: 2.472900 ms  DeleteObjects: 0.111800 ms)

========================================================================
Received Prepare
Registering precompiled user dll's ...
Registered in 0.001992 seconds.
Begin MonoManager ReloadAssembly
Native extension for WindowsStandalone target not found
Native extension for WebGL target not found
Refreshing native plugins compatible for Editor in 0.52 ms, found 2 plugins.
Preloading 0 native plugins for Editor in 0.00 ms.
Mono: successfully reloaded assembly
- Completed reload, in  0.772 seconds
Platform modules already initialized, skipping
Refreshing native plugins compatible for Editor in 0.52 ms, found 2 plugins.
Preloading 0 native plugins for Editor in 0.00 ms.
Unloading 3382 Unused Serialized files (Serialized files now loaded: 0)
System memory in use before: 132.8 MB.
System memory in use after: 132.9 MB.

Unloading 17 unused Assets to reduce memory usage. Loaded Objects now: 3980.
Total: 2.123300 ms (FindLiveObjects: 0.247800 ms CreateObjectMapping: 0.162000 ms MarkObjects: 1.635100 ms  DeleteObjects: 0.077500 ms)

========================================================================
Received Prepare
Registering precompiled user dll's ...
Registered in 0.001898 seconds.
Begin MonoManager ReloadAssembly
Native extension for WindowsStandalone target not found
Native extension for WebGL target not found
Refreshing native plugins compatible for Editor in 0.52 ms, found 2 plugins.
Preloading 0 native plugins for Editor in 0.00 ms.
Mono: successfully reloaded assembly
- Completed reload, in  0.773 seconds
Platform modules already initialized, skipping
Refreshing native plugins compatible for Editor in 0.53 ms, found 2 plugins.
Preloading 0 native plugins for Editor in 0.00 ms.
Unloading 3382 Unused Serialized files (Serialized files now loaded: 0)
System memory in use before: 132.8 MB.
System memory in use after: 132.9 MB.

Unloading 17 unused Assets to reduce memory usage. Loaded Objects now: 3984.
Total: 3.356700 ms (FindLiveObjects: 0.390200 ms CreateObjectMapping: 0.247700 ms MarkObjects: 2.630400 ms  DeleteObjects: 0.087300 ms)

========================================================================
Received Prepare
Registering precompiled user dll's ...
Registered in 0.001930 seconds.
Begin MonoManager ReloadAssembly
Native extension for WindowsStandalone target not found
Native extension for WebGL target not found
Refreshing native plugins compatible for Editor in 0.53 ms, found 2 plugins.
Preloading 0 native plugins for Editor in 0.00 ms.
Mono: successfully reloaded assembly
- Completed reload, in  0.820 seconds
Platform modules already initialized, skipping
Refreshing native plugins compatible for Editor in 0.49 ms, found 2 plugins.
Preloading 0 native plugins for Editor in 0.00 ms.
Unloading 3382 Unused Serialized files (Serialized files now loaded: 0)
System memory in use before: 132.8 MB.
System memory in use after: 132.9 MB.

Unloading 17 unused Assets to reduce memory usage. Loaded Objects now: 3988.
Total: 2.202100 ms (FindLiveObjects: 0.263600 ms CreateObjectMapping: 0.135200 ms MarkObjects: 1.725100 ms  DeleteObjects: 0.077400 ms)

========================================================================
Received Prepare
Registering precompiled user dll's ...
Registered in 0.002905 seconds.
Begin MonoManager ReloadAssembly
Native extension for WindowsStandalone target not found
Native extension for WebGL target not found
Refreshing native plugins compatible for Editor in 1.02 ms, found 2 plugins.
Preloading 0 native plugins for Editor in 0.00 ms.
Mono: successfully reloaded assembly
- Completed reload, in  1.106 seconds
Platform modules already initialized, skipping
Refreshing native plugins compatible for Editor in 0.68 ms, found 2 plugins.
Preloading 0 native plugins for Editor in 0.00 ms.
Unloading 3383 Unused Serialized files (Serialized files now loaded: 0)
System memory in use before: 132.9 MB.
System memory in use after: 133.0 MB.

Unloading 17 unused Assets to reduce memory usage. Loaded Objects now: 3993.
Total: 2.274700 ms (FindLiveObjects: 0.240400 ms CreateObjectMapping: 0.158500 ms MarkObjects: 1.794800 ms  DeleteObjects: 0.080000 ms)

========================================================================
Received Import Request.
  Time since last request: 943.203293 seconds.
  path: Assets/Scripts/EnemyClear.cs
  artifactKey: Guid(4a6cb2ac5a8a4b94a94536e45ee7f33b) Importer(815301076,1909f56bfc062723c751e8b465ee728b)
Start importing Assets/Scripts/EnemyClear.cs using Guid(4a6cb2ac5a8a4b94a94536e45ee7f33b) Importer(815301076,1909f56bfc062723c751e8b465ee728b)  -> (artifact id: '4759d628bb0d1fcad9c03bc6fbc38988') in 0.003966 seconds 
========================================================================
Received Prepare
Registering precompiled user dll's ...
Registered in 0.001959 seconds.
Begin MonoManager ReloadAssembly
Native extension for WindowsStandalone target not found
Native extension for WebGL target not found
Refreshing native plugins compatible for Editor in 0.55 ms, found 2 plugins.
Preloading 0 native plugins for Editor in 0.00 ms.
Mono: successfully reloaded assembly
- Completed reload, in  0.805 seconds
Platform modules already initialized, skipping
Refreshing native plugins compatible for Editor in 0.50 ms, found 2 plugins.
Preloading 0 native plugins for Editor in 0.00 ms.
Unloading 3383 Unused Serialized files (Serialized files now loaded: 0)
System memory in use before: 132.9 MB.
System memory in use after: 133.0 MB.

Unloading 17 unused Assets to reduce memory usage. Loaded Objects now: 3997.
Total: 2.291700 ms (FindLiveObjects: 0.231600 ms CreateObjectMapping: 0.151700 ms MarkObjects: 1.832300 ms  DeleteObjects: 0.075500 ms)

========================================================================
Received Prepare
Registering precompiled user dll's ...
Registered in 0.001929 seconds.
Begin MonoManager ReloadAssembly
Native extension for WindowsStandalone target not found
Native extension for WebGL target not found
Refreshing native plugins compatible for Editor in 0.52 ms, found 2 plugins.
Preloading 0 native plugins for Editor in 0.00 ms.
Mono: successfully reloaded assembly
- Completed reload, in  0.770 seconds
Platform modules already initialized, skipping
Refreshing native plugins compatible for Editor in 0.50 ms, found 2 plugins.
Preloading 0 native plugins for Editor in 0.00 ms.
Unloading 3383 Unused Serialized files (Serialized files now loaded: 0)
System memory in use before: 132.9 MB.
System memory in use after: 133.0 MB.

Unloading 17 unused Assets to reduce memory usage. Loaded Objects now: 4001.
Total: 3.420500 ms (FindLiveObjects: 0.343900 ms CreateObjectMapping: 0.203800 ms MarkObjects: 2.749200 ms  DeleteObjects: 0.122300 ms)

========================================================================
Received Import Request.
  Time since last request: 106.733884 seconds.
  path: Assets/Scripts/EnemyClear.cs
  artifactKey: Guid(4a6cb2ac5a8a4b94a94536e45ee7f33b) Importer(815301076,1909f56bfc062723c751e8b465ee728b)
Start importing Assets/Scripts/EnemyClear.cs using Guid(4a6cb2ac5a8a4b94a94536e45ee7f33b) Importer(815301076,1909f56bfc062723c751e8b465ee728b)  -> (artifact id: '872b1d0042e56da05bdb20537ed99bc8') in 0.003899 seconds 
========================================================================
Received Import Request.
  Time since last request: 8.191865 seconds.
  path: Assets/Prefabs/Enemy.prefab
  artifactKey: Guid(4b5affd184be5a94190835f780ee1f8e) Importer(815301076,1909f56bfc062723c751e8b465ee728b)
Start importing Assets/Prefabs/Enemy.prefab using Guid(4b5affd184be5a94190835f780ee1f8e) Importer(815301076,1909f56bfc062723c751e8b465ee728b)  -> (artifact id: 'd1de77d44d0d1859506fb2205210f81f') in 0.044030 seconds 
========================================================================
Received Import Request.
  Time since last request: 2.765769 seconds.
  path: Assets/Prefabs/Enemy.prefab
  artifactKey: Guid(4b5affd184be5a94190835f780ee1f8e) Importer(815301076,1909f56bfc062723c751e8b465ee728b)
Start importing Assets/Prefabs/Enemy.prefab using Guid(4b5affd184be5a94190835f780ee1f8e) Importer(815301076,1909f56bfc062723c751e8b465ee728b)  -> (artifact id: 'fdd0509a2ea2ee2ae05590d7ea289373') in 0.005851 seconds 
========================================================================
Received Prepare
Registering precompiled user dll's ...
Registered in 0.002104 seconds.
Begin MonoManager ReloadAssembly
Native extension for WindowsStandalone target not found
Native extension for WebGL target not found
Refreshing native plugins compatible for Editor in 0.51 ms, found 2 plugins.
Preloading 0 native plugins for Editor in 0.00 ms.
Mono: successfully reloaded assembly
- Completed reload, in  0.775 seconds
Platform modules already initialized, skipping
Refreshing native plugins compatible for Editor in 0.50 ms, found 2 plugins.
Preloading 0 native plugins for Editor in 0.00 ms.
Unloading 3383 Unused Serialized files (Serialized files now loaded: 0)
System memory in use before: 132.9 MB.
System memory in use after: 133.0 MB.

Unloading 17 unused Assets to reduce memory usage. Loaded Objects now: 4006.
Total: 2.163800 ms (FindLiveObjects: 0.241300 ms CreateObjectMapping: 0.137400 ms MarkObjects: 1.707300 ms  DeleteObjects: 0.077000 ms)

========================================================================
Received Prepare
Registering precompiled user dll's ...
Registered in 0.002080 seconds.
Begin MonoManager ReloadAssembly
Native extension for WindowsStandalone target not found
Native extension for WebGL target not found
Refreshing native plugins compatible for Editor in 0.49 ms, found 2 plugins.
Preloading 0 native plugins for Editor in 0.00 ms.
Mono: successfully reloaded assembly
- Completed reload, in  0.774 seconds
Platform modules already initialized, skipping
Refreshing native plugins compatible for Editor in 0.49 ms, found 2 plugins.
Preloading 0 native plugins for Editor in 0.00 ms.
Unloading 3383 Unused Serialized files (Serialized files now loaded: 0)
System memory in use before: 132.9 MB.
System memory in use after: 133.0 MB.

Unloading 17 unused Assets to reduce memory usage. Loaded Objects now: 4010.
Total: 2.098900 ms (FindLiveObjects: 0.255200 ms CreateObjectMapping: 0.140600 ms MarkObjects: 1.622100 ms  DeleteObjects: 0.080000 ms)

========================================================================
Received Prepare
Registering precompiled user dll's ...
Registered in 0.001936 seconds.
Begin MonoManager ReloadAssembly
Native extension for WindowsStandalone target not found
Native extension for WebGL target not found
Refreshing native plugins compatible for Editor in 0.50 ms, found 2 plugins.
Preloading 0 native plugins for Editor in 0.00 ms.
Mono: successfully reloaded assembly
- Completed reload, in  0.772 seconds
Platform modules already initialized, skipping
Refreshing native plugins compatible for Editor in 0.55 ms, found 2 plugins.
Preloading 0 native plugins for Editor in 0.00 ms.
Unloading 3383 Unused Serialized files (Serialized files now loaded: 0)
System memory in use before: 132.9 MB.
System memory in use after: 133.0 MB.

Unloading 17 unused Assets to reduce memory usage. Loaded Objects now: 4014.
Total: 2.356300 ms (FindLiveObjects: 0.312100 ms CreateObjectMapping: 0.139000 ms MarkObjects: 1.828300 ms  DeleteObjects: 0.076200 ms)

========================================================================
Received Prepare
Registering precompiled user dll's ...
Registered in 0.001998 seconds.
Begin MonoManager ReloadAssembly
Native extension for WindowsStandalone target not found
Native extension for WebGL target not found
Refreshing native plugins compatible for Editor in 0.55 ms, found 2 plugins.
Preloading 0 native plugins for Editor in 0.00 ms.
Mono: successfully reloaded assembly
- Completed reload, in  0.831 seconds
Platform modules already initialized, skipping
Refreshing native plugins compatible for Editor in 0.80 ms, found 2 plugins.
Preloading 0 native plugins for Editor in 0.00 ms.
Unloading 3383 Unused Serialized files (Serialized files now loaded: 0)
System memory in use before: 132.9 MB.
System memory in use after: 133.0 MB.

Unloading 17 unused Assets to reduce memory usage. Loaded Objects now: 4018.
Total: 2.118700 ms (FindLiveObjects: 0.252500 ms CreateObjectMapping: 0.163400 ms MarkObjects: 1.613000 ms  DeleteObjects: 0.089100 ms)

========================================================================
Received Prepare
Registering precompiled user dll's ...
Registered in 0.002052 seconds.
Begin MonoManager ReloadAssembly
Native extension for WindowsStandalone target not found
Native extension for WebGL target not found
Refreshing native plugins compatible for Editor in 0.51 ms, found 2 plugins.
Preloading 0 native plugins for Editor in 0.00 ms.
Mono: successfully reloaded assembly
- Completed reload, in  0.805 seconds
Platform modules already initialized, skipping
Refreshing native plugins compatible for Editor in 0.59 ms, found 2 plugins.
Preloading 0 native plugins for Editor in 0.00 ms.
Unloading 3383 Unused Serialized files (Serialized files now loaded: 0)
System memory in use before: 132.9 MB.
System memory in use after: 133.0 MB.

Unloading 17 unused Assets to reduce memory usage. Loaded Objects now: 4022.
Total: 2.236300 ms (FindLiveObjects: 0.263100 ms CreateObjectMapping: 0.178200 ms MarkObjects: 1.713000 ms  DeleteObjects: 0.081100 ms)

========================================================================
Received Prepare
Registering precompiled user dll's ...
Registered in 0.001938 seconds.
Begin MonoManager ReloadAssembly
Native extension for WindowsStandalone target not found
Native extension for WebGL target not found
Refreshing native plugins compatible for Editor in 0.54 ms, found 2 plugins.
Preloading 0 native plugins for Editor in 0.00 ms.
Mono: successfully reloaded assembly
- Completed reload, in  0.834 seconds
Platform modules already initialized, skipping
Refreshing native plugins compatible for Editor in 0.56 ms, found 2 plugins.
Preloading 0 native plugins for Editor in 0.00 ms.
Unloading 3383 Unused Serialized files (Serialized files now loaded: 0)
System memory in use before: 132.9 MB.
System memory in use after: 133.0 MB.

Unloading 17 unused Assets to reduce memory usage. Loaded Objects now: 4026.
Total: 2.527000 ms (FindLiveObjects: 0.261700 ms CreateObjectMapping: 0.147700 ms MarkObjects: 2.033900 ms  DeleteObjects: 0.082700 ms)

========================================================================
Received Prepare
Registering precompiled user dll's ...
Registered in 0.002113 seconds.
Begin MonoManager ReloadAssembly
Native extension for WindowsStandalone target not found
Native extension for WebGL target not found
Refreshing native plugins compatible for Editor in 0.50 ms, found 2 plugins.
Preloading 0 native plugins for Editor in 0.00 ms.
Mono: successfully reloaded assembly
- Completed reload, in  0.811 seconds
Platform modules already initialized, skipping
Refreshing native plugins compatible for Editor in 0.56 ms, found 2 plugins.
Preloading 0 native plugins for Editor in 0.00 ms.
Unloading 3383 Unused Serialized files (Serialized files now loaded: 0)
System memory in use before: 133.0 MB.
System memory in use after: 133.1 MB.

Unloading 17 unused Assets to reduce memory usage. Loaded Objects now: 4030.
Total: 2.706900 ms (FindLiveObjects: 0.343000 ms CreateObjectMapping: 0.280300 ms MarkObjects: 1.936300 ms  DeleteObjects: 0.145300 ms)

========================================================================
Received Prepare
Registering precompiled user dll's ...
Registered in 0.002096 seconds.
Begin MonoManager ReloadAssembly
Native extension for WindowsStandalone target not found
Native extension for WebGL target not found
Refreshing native plugins compatible for Editor in 0.57 ms, found 2 plugins.
Preloading 0 native plugins for Editor in 0.00 ms.
Mono: successfully reloaded assembly
- Completed reload, in  0.837 seconds
Platform modules already initialized, skipping
Refreshing native plugins compatible for Editor in 0.69 ms, found 2 plugins.
Preloading 0 native plugins for Editor in 0.00 ms.
Unloading 3383 Unused Serialized files (Serialized files now loaded: 0)
System memory in use before: 133.0 MB.
System memory in use after: 133.1 MB.

Unloading 17 unused Assets to reduce memory usage. Loaded Objects now: 4034.
Total: 3.487900 ms (FindLiveObjects: 0.367300 ms CreateObjectMapping: 0.253400 ms MarkObjects: 2.682400 ms  DeleteObjects: 0.183500 ms)

========================================================================
Received Import Request.
  Time since last request: 4558.033665 seconds.
  path: Assets/Scripts/EnemyClear.cs
  artifactKey: Guid(4a6cb2ac5a8a4b94a94536e45ee7f33b) Importer(815301076,1909f56bfc062723c751e8b465ee728b)
Start importing Assets/Scripts/EnemyClear.cs using Guid(4a6cb2ac5a8a4b94a94536e45ee7f33b) Importer(815301076,1909f56bfc062723c751e8b465ee728b)  -> (artifact id: 'b397af85c39ce8ae8e719e95f39d6f0f') in 0.004325 seconds 
========================================================================
Received Prepare
Registering precompiled user dll's ...
Registered in 0.001958 seconds.
Begin MonoManager ReloadAssembly
Native extension for WindowsStandalone target not found
Native extension for WebGL target not found
Refreshing native plugins compatible for Editor in 0.51 ms, found 2 plugins.
Preloading 0 native plugins for Editor in 0.00 ms.
Mono: successfully reloaded assembly
- Completed reload, in  0.812 seconds
Platform modules already initialized, skipping
Refreshing native plugins compatible for Editor in 0.59 ms, found 2 plugins.
Preloading 0 native plugins for Editor in 0.00 ms.
Unloading 3382 Unused Serialized files (Serialized files now loaded: 0)
System memory in use before: 133.0 MB.
System memory in use after: 133.1 MB.

Unloading 18 unused Assets to reduce memory usage. Loaded Objects now: 4037.
Total: 2.509200 ms (FindLiveObjects: 0.320100 ms CreateObjectMapping: 0.156500 ms MarkObjects: 1.952100 ms  DeleteObjects: 0.079500 ms)

========================================================================
Received Prepare
Registering precompiled user dll's ...
Registered in 0.001939 seconds.
Begin MonoManager ReloadAssembly
Native extension for WindowsStandalone target not found
Native extension for WebGL target not found
Refreshing native plugins compatible for Editor in 0.51 ms, found 2 plugins.
Preloading 0 native plugins for Editor in 0.00 ms.
Mono: successfully reloaded assembly
- Completed reload, in  0.793 seconds
Platform modules already initialized, skipping
Refreshing native plugins compatible for Editor in 0.50 ms, found 2 plugins.
Preloading 0 native plugins for Editor in 0.00 ms.
Unloading 3382 Unused Serialized files (Serialized files now loaded: 0)
System memory in use before: 133.0 MB.
System memory in use after: 133.1 MB.

Unloading 17 unused Assets to reduce memory usage. Loaded Objects now: 4041.
Total: 3.404000 ms (FindLiveObjects: 0.376700 ms CreateObjectMapping: 0.220900 ms MarkObjects: 2.692900 ms  DeleteObjects: 0.112000 ms)

========================================================================
Received Import Request.
  Time since last request: 34.194226 seconds.
  path: Assets/Prefabs/Enemy.prefab
  artifactKey: Guid(4b5affd184be5a94190835f780ee1f8e) Importer(815301076,1909f56bfc062723c751e8b465ee728b)
Start importing Assets/Prefabs/Enemy.prefab using Guid(4b5affd184be5a94190835f780ee1f8e) Importer(815301076,1909f56bfc062723c751e8b465ee728b)  -> (artifact id: '0e9f2dca913024be8dcce27cc8f5a4b2') in 0.042041 seconds 
========================================================================
Received Import Request.
  Time since last request: 6.670242 seconds.
  path: Assets/Prefabs/Enemy.prefab
  artifactKey: Guid(4b5affd184be5a94190835f780ee1f8e) Importer(815301076,1909f56bfc062723c751e8b465ee728b)
Start importing Assets/Prefabs/Enemy.prefab using Guid(4b5affd184be5a94190835f780ee1f8e) Importer(815301076,1909f56bfc062723c751e8b465ee728b)  -> (artifact id: '6f680e87b06ca5a9408f44a0d97a0e71') in 0.006282 seconds 
========================================================================
Received Prepare
Registering precompiled user dll's ...
Registered in 0.002055 seconds.
Begin MonoManager ReloadAssembly
Native extension for WindowsStandalone target not found
Native extension for WebGL target not found
Refreshing native plugins compatible for Editor in 0.52 ms, found 2 plugins.
Preloading 0 native plugins for Editor in 0.00 ms.
Mono: successfully reloaded assembly
- Completed reload, in  0.773 seconds
Platform modules already initialized, skipping
Refreshing native plugins compatible for Editor in 0.83 ms, found 2 plugins.
Preloading 0 native plugins for Editor in 0.00 ms.
Unloading 3382 Unused Serialized files (Serialized files now loaded: 0)
System memory in use before: 132.9 MB.
System memory in use after: 133.0 MB.

Unloading 17 unused Assets to reduce memory usage. Loaded Objects now: 4046.
Total: 2.355000 ms (FindLiveObjects: 0.258800 ms CreateObjectMapping: 0.163200 ms MarkObjects: 1.852300 ms  DeleteObjects: 0.080000 ms)

========================================================================
Received Prepare
Registering precompiled user dll's ...
Registered in 0.001996 seconds.
Begin MonoManager ReloadAssembly
Native extension for WindowsStandalone target not found
Native extension for WebGL target not found
Refreshing native plugins compatible for Editor in 0.50 ms, found 2 plugins.
Preloading 0 native plugins for Editor in 0.00 ms.
Mono: successfully reloaded assembly
- Completed reload, in  0.792 seconds
Platform modules already initialized, skipping
Refreshing native plugins compatible for Editor in 0.51 ms, found 2 plugins.
Preloading 0 native plugins for Editor in 0.00 ms.
Unloading 3383 Unused Serialized files (Serialized files now loaded: 0)
System memory in use before: 133.0 MB.
System memory in use after: 133.1 MB.

Unloading 17 unused Assets to reduce memory usage. Loaded Objects now: 4051.
Total: 2.284900 ms (FindLiveObjects: 0.246000 ms CreateObjectMapping: 0.141100 ms MarkObjects: 1.817700 ms  DeleteObjects: 0.079300 ms)

========================================================================
Received Import Request.
  Time since last request: 47.743910 seconds.
  path: Assets/Scripts/EnemySpawner.cs
  artifactKey: Guid(4654cea4d5c0b2e4e8bb390dcc0d59e1) Importer(815301076,1909f56bfc062723c751e8b465ee728b)
Start importing Assets/Scripts/EnemySpawner.cs using Guid(4654cea4d5c0b2e4e8bb390dcc0d59e1) Importer(815301076,1909f56bfc062723c751e8b465ee728b)  -> (artifact id: '9150a0bb0a2f76463f9c73b8a8930c7c') in 0.003790 seconds 
========================================================================
Received Prepare
Registering precompiled user dll's ...
Registered in 0.001907 seconds.
Begin MonoManager ReloadAssembly
Native extension for WindowsStandalone target not found
Native extension for WebGL target not found
Refreshing native plugins compatible for Editor in 0.61 ms, found 2 plugins.
Preloading 0 native plugins for Editor in 0.00 ms.
Mono: successfully reloaded assembly
- Completed reload, in  0.760 seconds
Platform modules already initialized, skipping
Refreshing native plugins compatible for Editor in 0.50 ms, found 2 plugins.
Preloading 0 native plugins for Editor in 0.00 ms.
Unloading 3383 Unused Serialized files (Serialized files now loaded: 0)
System memory in use before: 133.0 MB.
System memory in use after: 133.1 MB.

Unloading 17 unused Assets to reduce memory usage. Loaded Objects now: 4055.
Total: 2.386300 ms (FindLiveObjects: 0.400300 ms CreateObjectMapping: 0.176100 ms MarkObjects: 1.730400 ms  DeleteObjects: 0.078100 ms)

========================================================================
Received Prepare
Registering precompiled user dll's ...
Registered in 0.001936 seconds.
Begin MonoManager ReloadAssembly
Native extension for WindowsStandalone target not found
Native extension for WebGL target not found
Refreshing native plugins compatible for Editor in 0.54 ms, found 2 plugins.
Preloading 0 native plugins for Editor in 0.00 ms.
Mono: successfully reloaded assembly
- Completed reload, in  0.794 seconds
Platform modules already initialized, skipping
Refreshing native plugins compatible for Editor in 0.62 ms, found 2 plugins.
Preloading 0 native plugins for Editor in 0.00 ms.
Unloading 3383 Unused Serialized files (Serialized files now loaded: 0)
System memory in use before: 133.0 MB.
System memory in use after: 133.1 MB.

Unloading 17 unused Assets to reduce memory usage. Loaded Objects now: 4059.
Total: 2.361300 ms (FindLiveObjects: 0.252300 ms CreateObjectMapping: 0.160700 ms MarkObjects: 1.864100 ms  DeleteObjects: 0.083100 ms)

========================================================================
Received Import Request.
  Time since last request: 1225.748308 seconds.
  path: Assets/Scripts/EnemySpawner.cs
  artifactKey: Guid(4654cea4d5c0b2e4e8bb390dcc0d59e1) Importer(815301076,1909f56bfc062723c751e8b465ee728b)
Start importing Assets/Scripts/EnemySpawner.cs using Guid(4654cea4d5c0b2e4e8bb390dcc0d59e1) Importer(815301076,1909f56bfc062723c751e8b465ee728b)  -> (artifact id: '31866afa9bf794eaba1c3595aafa9bc6') in 0.004157 seconds 
========================================================================
Received Prepare
Registering precompiled user dll's ...
Registered in 0.002034 seconds.
Begin MonoManager ReloadAssembly
Native extension for WindowsStandalone target not found
Native extension for WebGL target not found
Refreshing native plugins compatible for Editor in 0.53 ms, found 2 plugins.
Preloading 0 native plugins for Editor in 0.00 ms.
Mono: successfully reloaded assembly
- Completed reload, in  0.766 seconds
Platform modules already initialized, skipping
Refreshing native plugins compatible for Editor in 0.84 ms, found 2 plugins.
Preloading 0 native plugins for Editor in 0.00 ms.
Unloading 3383 Unused Serialized files (Serialized files now loaded: 0)
System memory in use before: 133.0 MB.
System memory in use after: 133.1 MB.

Unloading 17 unused Assets to reduce memory usage. Loaded Objects now: 4063.
Total: 2.335100 ms (FindLiveObjects: 0.265700 ms CreateObjectMapping: 0.161300 ms MarkObjects: 1.823800 ms  DeleteObjects: 0.083600 ms)

========================================================================
Received Prepare
Registering precompiled user dll's ...
Registered in 0.001968 seconds.
Begin MonoManager ReloadAssembly
Native extension for WindowsStandalone target not found
Native extension for WebGL target not found
Refreshing native plugins compatible for Editor in 0.49 ms, found 2 plugins.
Preloading 0 native plugins for Editor in 0.00 ms.
Mono: successfully reloaded assembly
- Completed reload, in  0.744 seconds
Platform modules already initialized, skipping
Refreshing native plugins compatible for Editor in 0.50 ms, found 2 plugins.
Preloading 0 native plugins for Editor in 0.00 ms.
Unloading 3383 Unused Serialized files (Serialized files now loaded: 0)
System memory in use before: 133.0 MB.
System memory in use after: 133.1 MB.

Unloading 17 unused Assets to reduce memory usage. Loaded Objects now: 4067.
Total: 2.311300 ms (FindLiveObjects: 0.249900 ms CreateObjectMapping: 0.160600 ms MarkObjects: 1.820000 ms  DeleteObjects: 0.080100 ms)

========================================================================
Received Prepare
Registering precompiled user dll's ...
Registered in 0.002718 seconds.
Begin MonoManager ReloadAssembly
Native extension for WindowsStandalone target not found
Native extension for WebGL target not found
Refreshing native plugins compatible for Editor in 0.49 ms, found 2 plugins.
Preloading 0 native plugins for Editor in 0.00 ms.
Mono: successfully reloaded assembly
- Completed reload, in  0.755 seconds
Platform modules already initialized, skipping
Refreshing native plugins compatible for Editor in 0.49 ms, found 2 plugins.
Preloading 0 native plugins for Editor in 0.00 ms.
Unloading 3383 Unused Serialized files (Serialized files now loaded: 0)
System memory in use before: 133.0 MB.
System memory in use after: 133.1 MB.

Unloading 17 unused Assets to reduce memory usage. Loaded Objects now: 4071.
Total: 2.129400 ms (FindLiveObjects: 0.247100 ms CreateObjectMapping: 0.154500 ms MarkObjects: 1.647700 ms  DeleteObjects: 0.078900 ms)

========================================================================
Received Prepare
Registering precompiled user dll's ...
Registered in 0.001974 seconds.
Begin MonoManager ReloadAssembly
Native extension for WindowsStandalone target not found
Native extension for WebGL target not found
Refreshing native plugins compatible for Editor in 0.50 ms, found 2 plugins.
Preloading 0 native plugins for Editor in 0.00 ms.
Mono: successfully reloaded assembly
- Completed reload, in  0.759 seconds
Platform modules already initialized, skipping
Refreshing native plugins compatible for Editor in 0.54 ms, found 2 plugins.
Preloading 0 native plugins for Editor in 0.00 ms.
Unloading 3383 Unused Serialized files (Serialized files now loaded: 0)
System memory in use before: 133.0 MB.
System memory in use after: 133.1 MB.

Unloading 17 unused Assets to reduce memory usage. Loaded Objects now: 4075.
Total: 3.011100 ms (FindLiveObjects: 0.260500 ms CreateObjectMapping: 0.170100 ms MarkObjects: 2.448100 ms  DeleteObjects: 0.131200 ms)

========================================================================
Received Prepare
Registering precompiled user dll's ...
Registered in 0.001962 seconds.
Begin MonoManager ReloadAssembly
Native extension for WindowsStandalone target not found
Native extension for WebGL target not found
Refreshing native plugins compatible for Editor in 0.51 ms, found 2 plugins.
Preloading 0 native plugins for Editor in 0.00 ms.
Mono: successfully reloaded assembly
- Completed reload, in  0.811 seconds
Platform modules already initialized, skipping
Refreshing native plugins compatible for Editor in 0.50 ms, found 2 plugins.
Preloading 0 native plugins for Editor in 0.00 ms.
Unloading 3383 Unused Serialized files (Serialized files now loaded: 0)
System memory in use before: 133.0 MB.
System memory in use after: 133.1 MB.

Unloading 17 unused Assets to reduce memory usage. Loaded Objects now: 4079.
Total: 2.077000 ms (FindLiveObjects: 0.241000 ms CreateObjectMapping: 0.152600 ms MarkObjects: 1.604700 ms  DeleteObjects: 0.078100 ms)

========================================================================
Received Prepare
Registering precompiled user dll's ...
Registered in 0.001930 seconds.
Begin MonoManager ReloadAssembly
Native extension for WindowsStandalone target not found
Native extension for WebGL target not found
Refreshing native plugins compatible for Editor in 1.22 ms, found 2 plugins.
Preloading 0 native plugins for Editor in 0.00 ms.
Mono: successfully reloaded assembly
- Completed reload, in  0.855 seconds
Platform modules already initialized, skipping
Refreshing native plugins compatible for Editor in 0.80 ms, found 2 plugins.
Preloading 0 native plugins for Editor in 0.00 ms.
Unloading 3383 Unused Serialized files (Serialized files now loaded: 0)
System memory in use before: 133.0 MB.
System memory in use after: 133.1 MB.

Unloading 17 unused Assets to reduce memory usage. Loaded Objects now: 4083.
Total: 2.127400 ms (FindLiveObjects: 0.242500 ms CreateObjectMapping: 0.156300 ms MarkObjects: 1.594100 ms  DeleteObjects: 0.133700 ms)

========================================================================
Received Prepare
Registering precompiled user dll's ...
Registered in 0.001990 seconds.
Begin MonoManager ReloadAssembly
Native extension for WindowsStandalone target not found
Native extension for WebGL target not found
Refreshing native plugins compatible for Editor in 0.52 ms, found 2 plugins.
Preloading 0 native plugins for Editor in 0.00 ms.
Mono: successfully reloaded assembly
- Completed reload, in  0.779 seconds
Platform modules already initialized, skipping
Refreshing native plugins compatible for Editor in 0.51 ms, found 2 plugins.
Preloading 0 native plugins for Editor in 0.00 ms.
Unloading 3430 Unused Serialized files (Serialized files now loaded: 0)
System memory in use before: 136.1 MB.
System memory in use after: 135.6 MB.

Unloading 30 unused Assets to reduce memory usage. Loaded Objects now: 4121.
Total: 2.541600 ms (FindLiveObjects: 0.266000 ms CreateObjectMapping: 0.137800 ms MarkObjects: 1.884900 ms  DeleteObjects: 0.251900 ms)

========================================================================
Received Prepare
Registering precompiled user dll's ...
Registered in 0.002025 seconds.
Begin MonoManager ReloadAssembly
Native extension for WindowsStandalone target not found
Native extension for WebGL target not found
Refreshing native plugins compatible for Editor in 0.51 ms, found 2 plugins.
Preloading 0 native plugins for Editor in 0.00 ms.
Mono: successfully reloaded assembly
- Completed reload, in  0.835 seconds
Platform modules already initialized, skipping
Refreshing native plugins compatible for Editor in 0.95 ms, found 2 plugins.
Preloading 0 native plugins for Editor in 0.00 ms.
Unloading 3430 Unused Serialized files (Serialized files now loaded: 0)
System memory in use before: 136.1 MB.
System memory in use after: 135.6 MB.

Unloading 30 unused Assets to reduce memory usage. Loaded Objects now: 4125.
Total: 2.706200 ms (FindLiveObjects: 0.416700 ms CreateObjectMapping: 0.231000 ms MarkObjects: 1.781200 ms  DeleteObjects: 0.276000 ms)

========================================================================
Received Prepare
Registering precompiled user dll's ...
Registered in 0.001958 seconds.
Begin MonoManager ReloadAssembly
Native extension for WindowsStandalone target not found
Native extension for WebGL target not found
Refreshing native plugins compatible for Editor in 0.51 ms, found 2 plugins.
Preloading 0 native plugins for Editor in 0.00 ms.
Mono: successfully reloaded assembly
- Completed reload, in  0.814 seconds
Platform modules already initialized, skipping
Refreshing native plugins compatible for Editor in 0.51 ms, found 2 plugins.
Preloading 0 native plugins for Editor in 0.00 ms.
Unloading 3430 Unused Serialized files (Serialized files now loaded: 0)
System memory in use before: 136.1 MB.
System memory in use after: 135.6 MB.

Unloading 30 unused Assets to reduce memory usage. Loaded Objects now: 4129.
Total: 2.731600 ms (FindLiveObjects: 0.313100 ms CreateObjectMapping: 0.169100 ms MarkObjects: 1.965300 ms  DeleteObjects: 0.282800 ms)

========================================================================
Received Import Request.
  Time since last request: 1100.773541 seconds.
  path: Assets/Scripts/PlayerVars.cs
  artifactKey: Guid(b651e6464ceb3a34c86a81f7a8c2cdf8) Importer(815301076,1909f56bfc062723c751e8b465ee728b)
Start importing Assets/Scripts/PlayerVars.cs using Guid(b651e6464ceb3a34c86a81f7a8c2cdf8) Importer(815301076,1909f56bfc062723c751e8b465ee728b)  -> (artifact id: '22ebc7dc7e0d7889b872b82d8f7e2c27') in 0.005163 seconds 
========================================================================
Received Prepare
Registering precompiled user dll's ...
Registered in 0.002020 seconds.
Begin MonoManager ReloadAssembly
Native extension for WindowsStandalone target not found
Native extension for WebGL target not found
Refreshing native plugins compatible for Editor in 0.52 ms, found 2 plugins.
Preloading 0 native plugins for Editor in 0.00 ms.
Mono: successfully reloaded assembly
- Completed reload, in  0.804 seconds
Platform modules already initialized, skipping
Refreshing native plugins compatible for Editor in 0.54 ms, found 2 plugins.
Preloading 0 native plugins for Editor in 0.00 ms.
Unloading 3431 Unused Serialized files (Serialized files now loaded: 0)
System memory in use before: 136.2 MB.
System memory in use after: 135.6 MB.

Unloading 30 unused Assets to reduce memory usage. Loaded Objects now: 4134.
Total: 2.219500 ms (FindLiveObjects: 0.240800 ms CreateObjectMapping: 0.155000 ms MarkObjects: 1.547100 ms  DeleteObjects: 0.275900 ms)

========================================================================
Received Prepare
Registering precompiled user dll's ...
Registered in 0.002153 seconds.
Begin MonoManager ReloadAssembly
Native extension for WindowsStandalone target not found
Native extension for WebGL target not found
Refreshing native plugins compatible for Editor in 0.56 ms, found 2 plugins.
Preloading 0 native plugins for Editor in 0.00 ms.
Mono: successfully reloaded assembly
- Completed reload, in  0.771 seconds
Platform modules already initialized, skipping
Refreshing native plugins compatible for Editor in 0.54 ms, found 2 plugins.
Preloading 0 native plugins for Editor in 0.00 ms.
Unloading 3431 Unused Serialized files (Serialized files now loaded: 0)
System memory in use before: 136.2 MB.
System memory in use after: 135.6 MB.

Unloading 30 unused Assets to reduce memory usage. Loaded Objects now: 4138.
Total: 2.688900 ms (FindLiveObjects: 0.356400 ms CreateObjectMapping: 0.184100 ms MarkObjects: 1.882100 ms  DeleteObjects: 0.264800 ms)

========================================================================
Received Import Request.
  Time since last request: 217.306884 seconds.
  path: Assets/Scripts/PlayerVars.cs
  artifactKey: Guid(b651e6464ceb3a34c86a81f7a8c2cdf8) Importer(815301076,1909f56bfc062723c751e8b465ee728b)
Start importing Assets/Scripts/PlayerVars.cs using Guid(b651e6464ceb3a34c86a81f7a8c2cdf8) Importer(815301076,1909f56bfc062723c751e8b465ee728b)  -> (artifact id: 'ce14c0c0835cf6b862cabe75c81cf838') in 0.004341 seconds 
========================================================================
Received Prepare
Registering precompiled user dll's ...
Registered in 0.001969 seconds.
Begin MonoManager ReloadAssembly
Native extension for WindowsStandalone target not found
Native extension for WebGL target not found
Refreshing native plugins compatible for Editor in 0.56 ms, found 2 plugins.
Preloading 0 native plugins for Editor in 0.00 ms.
Mono: successfully reloaded assembly
- Completed reload, in  0.841 seconds
Platform modules already initialized, skipping
Refreshing native plugins compatible for Editor in 0.57 ms, found 2 plugins.
Preloading 0 native plugins for Editor in 0.00 ms.
Unloading 3431 Unused Serialized files (Serialized files now loaded: 0)
System memory in use before: 136.2 MB.
System memory in use after: 135.6 MB.

Unloading 30 unused Assets to reduce memory usage. Loaded Objects now: 4142.
Total: 2.502000 ms (FindLiveObjects: 0.284300 ms CreateObjectMapping: 0.167800 ms MarkObjects: 1.782500 ms  DeleteObjects: 0.266700 ms)

========================================================================
Received Prepare
Registering precompiled user dll's ...
Registered in 0.001935 seconds.
Begin MonoManager ReloadAssembly
Native extension for WindowsStandalone target not found
Native extension for WebGL target not found
Refreshing native plugins compatible for Editor in 0.51 ms, found 2 plugins.
Preloading 0 native plugins for Editor in 0.00 ms.
Mono: successfully reloaded assembly
- Completed reload, in  0.779 seconds
Platform modules already initialized, skipping
Refreshing native plugins compatible for Editor in 0.51 ms, found 2 plugins.
Preloading 0 native plugins for Editor in 0.00 ms.
Unloading 3431 Unused Serialized files (Serialized files now loaded: 0)
System memory in use before: 136.2 MB.
System memory in use after: 135.6 MB.

Unloading 30 unused Assets to reduce memory usage. Loaded Objects now: 4146.
Total: 2.294700 ms (FindLiveObjects: 0.248300 ms CreateObjectMapping: 0.155000 ms MarkObjects: 1.634400 ms  DeleteObjects: 0.256200 ms)

AssetImportWorkerClient::OnTransportError - code=2 error=End of file
